00:00:06.402 [http-nio-8035-exec-8] INFO  sys-sql - [logInfo,40] - parameter = {ew=com.baomidou.mybatisplus.core.conditions.query.LambdaQueryWrapper@5a562411, param1=com.baomidou.mybatisplus.core.conditions.query.LambdaQueryWrapper@5a562411}
00:00:06.409 [http-nio-8035-exec-8] INFO  sys-sql - [logInfo,43] - sqlId = org.example.core.mapper.SysUserMapper.selectList
00:00:06.410 [http-nio-8035-exec-8] INFO  sys-sql - [logInfo,48] - 完整的sql:org.example.core.mapper.SysUserMapper.selectList:SELECT user_id,role_id,account,name,sex,phone,password,review_status,status,deleted,remark,create_time,update_time FROM sys_user WHERE deleted=0 AND (role_id = 1 AND review_status = 2) ORDER BY create_time DESC
00:00:29.431 [http-nio-8035-exec-6] INFO  sys-sql - [logInfo,40] - parameter = {ew=com.baomidou.mybatisplus.core.conditions.query.LambdaQueryWrapper@41ef4881, param1=com.baomidou.mybatisplus.core.conditions.query.LambdaQueryWrapper@41ef4881}
00:00:29.433 [http-nio-8035-exec-6] INFO  sys-sql - [logInfo,43] - sqlId = org.example.core.mapper.SysUserMapper.selectList
00:00:29.433 [http-nio-8035-exec-6] INFO  sys-sql - [logInfo,48] - 完整的sql:org.example.core.mapper.SysUserMapper.selectList:SELECT user_id,role_id,account,name,sex,phone,password,review_status,status,deleted,remark,create_time,update_time FROM sys_user WHERE deleted=0 AND (status = 0) ORDER BY create_time DESC
00:01:02.321 [AsyncResolver-bootstrap-executor-0] INFO  c.n.d.s.r.a.ConfigClusterResolver - [getClusterEndpoints,43] - Resolving eureka endpoints via configuration
00:03:12.517 [http-nio-8035-exec-9] INFO  sys-sql - [logInfo,40] - parameter = {ew=com.baomidou.mybatisplus.core.conditions.query.LambdaQueryWrapper@23cb5e8a, param1=com.baomidou.mybatisplus.core.conditions.query.LambdaQueryWrapper@23cb5e8a}
00:03:12.518 [http-nio-8035-exec-9] INFO  sys-sql - [logInfo,43] - sqlId = org.example.core.mapper.SysUserMapper.selectList
00:03:12.519 [http-nio-8035-exec-9] INFO  sys-sql - [logInfo,48] - 完整的sql:org.example.core.mapper.SysUserMapper.selectList:SELECT user_id,role_id,account,name,sex,phone,password,review_status,status,deleted,remark,create_time,update_time FROM sys_user WHERE deleted=0 AND (account = '1610930101')
00:05:28.610 [http-nio-8035-exec-1] INFO  sys-sql - [logInfo,40] - parameter = {ew=com.baomidou.mybatisplus.core.conditions.query.LambdaQueryWrapper@33280e24, param1=com.baomidou.mybatisplus.core.conditions.query.LambdaQueryWrapper@33280e24}
00:05:28.611 [http-nio-8035-exec-1] INFO  sys-sql - [logInfo,43] - sqlId = org.example.core.mapper.SysUserMapper.selectList
00:05:28.611 [http-nio-8035-exec-1] INFO  sys-sql - [logInfo,48] - 完整的sql:org.example.core.mapper.SysUserMapper.selectList:SELECT user_id,role_id,account,name,sex,phone,password,review_status,status,deleted,remark,create_time,update_time FROM sys_user WHERE deleted=0 AND (status = 0) ORDER BY create_time DESC
00:05:42.151 [http-nio-8035-exec-3] INFO  sys-sql - [logInfo,40] - parameter = {ew=com.baomidou.mybatisplus.core.conditions.query.LambdaQueryWrapper@24705000, param1=com.baomidou.mybatisplus.core.conditions.query.LambdaQueryWrapper@24705000}
00:05:42.152 [http-nio-8035-exec-3] INFO  sys-sql - [logInfo,43] - sqlId = org.example.core.mapper.SysUserMapper.selectList
00:05:42.152 [http-nio-8035-exec-3] INFO  sys-sql - [logInfo,48] - 完整的sql:org.example.core.mapper.SysUserMapper.selectList:SELECT user_id,role_id,account,name,sex,phone,password,review_status,status,deleted,remark,create_time,update_time FROM sys_user WHERE deleted=0 AND (account = '10001')
00:05:42.406 [http-nio-8035-exec-7] INFO  sys-sql - [logInfo,40] - parameter = {ew=com.baomidou.mybatisplus.core.conditions.query.LambdaQueryWrapper@4c2945d1, param1=com.baomidou.mybatisplus.core.conditions.query.LambdaQueryWrapper@4c2945d1}
00:05:42.407 [http-nio-8035-exec-7] INFO  sys-sql - [logInfo,43] - sqlId = org.example.core.mapper.SysUserMapper.selectList
00:05:42.408 [http-nio-8035-exec-7] INFO  sys-sql - [logInfo,48] - 完整的sql:org.example.core.mapper.SysUserMapper.selectList:SELECT user_id,role_id,account,name,sex,phone,password,review_status,status,deleted,remark,create_time,update_time FROM sys_user WHERE deleted=0 AND (role_id = 1 AND review_status = 2) ORDER BY create_time DESC
00:05:46.987 [http-nio-8035-exec-8] INFO  sys-sql - [logInfo,40] - parameter = {ew=com.baomidou.mybatisplus.core.conditions.query.LambdaQueryWrapper@538a5fad, param1=com.baomidou.mybatisplus.core.conditions.query.LambdaQueryWrapper@538a5fad}
00:05:46.988 [http-nio-8035-exec-8] INFO  sys-sql - [logInfo,43] - sqlId = org.example.core.mapper.SysUserMapper.selectList
00:05:46.989 [http-nio-8035-exec-8] INFO  sys-sql - [logInfo,48] - 完整的sql:org.example.core.mapper.SysUserMapper.selectList:SELECT user_id,role_id,account,name,sex,phone,password,review_status,status,deleted,remark,create_time,update_time FROM sys_user WHERE deleted=0 AND (role_id = 1 AND review_status = 2) ORDER BY create_time DESC
00:06:02.342 [AsyncResolver-bootstrap-executor-0] INFO  c.n.d.s.r.a.ConfigClusterResolver - [getClusterEndpoints,43] - Resolving eureka endpoints via configuration
00:06:22.238 [http-nio-8035-exec-4] INFO  sys-sql - [logInfo,40] - parameter = {ew=com.baomidou.mybatisplus.core.conditions.query.LambdaQueryWrapper@762cbd4d, param1=com.baomidou.mybatisplus.core.conditions.query.LambdaQueryWrapper@762cbd4d}
00:06:22.239 [http-nio-8035-exec-4] INFO  sys-sql - [logInfo,43] - sqlId = org.example.core.mapper.SysUserMapper.selectList
00:06:22.239 [http-nio-8035-exec-4] INFO  sys-sql - [logInfo,48] - 完整的sql:org.example.core.mapper.SysUserMapper.selectList:SELECT user_id,role_id,account,name,sex,phone,password,review_status,status,deleted,remark,create_time,update_time FROM sys_user WHERE deleted=0 AND (account = 'admin')
00:06:22.306 [http-nio-8035-exec-5] INFO  sys-sql - [logInfo,40] - parameter = {ew=com.baomidou.mybatisplus.core.conditions.query.LambdaQueryWrapper@239741c4, param1=com.baomidou.mybatisplus.core.conditions.query.LambdaQueryWrapper@239741c4}
00:06:22.307 [http-nio-8035-exec-5] INFO  sys-sql - [logInfo,43] - sqlId = org.example.core.mapper.SysUserMapper.selectList
00:06:22.307 [http-nio-8035-exec-5] INFO  sys-sql - [logInfo,48] - 完整的sql:org.example.core.mapper.SysUserMapper.selectList:SELECT user_id,role_id,account,name,sex,phone,password,review_status,status,deleted,remark,create_time,update_time FROM sys_user WHERE deleted=0 AND (status = 0) ORDER BY create_time DESC
00:06:27.458 [http-nio-8035-exec-9] INFO  sys-sql - [logInfo,40] - parameter = {ew=com.baomidou.mybatisplus.core.conditions.query.LambdaQueryWrapper@2d1e2065, param1=com.baomidou.mybatisplus.core.conditions.query.LambdaQueryWrapper@2d1e2065}
00:06:27.459 [http-nio-8035-exec-9] INFO  sys-sql - [logInfo,43] - sqlId = org.example.core.mapper.SysUserMapper.selectList
00:06:27.459 [http-nio-8035-exec-9] INFO  sys-sql - [logInfo,48] - 完整的sql:org.example.core.mapper.SysUserMapper.selectList:SELECT user_id,role_id,account,name,sex,phone,password,review_status,status,deleted,remark,create_time,update_time FROM sys_user WHERE deleted=0 AND (status = 0) ORDER BY create_time DESC
00:06:45.747 [http-nio-8035-exec-10] INFO  sys-sql - [logInfo,40] - parameter = {ew=com.baomidou.mybatisplus.core.conditions.query.LambdaQueryWrapper@3d701f36, param1=com.baomidou.mybatisplus.core.conditions.query.LambdaQueryWrapper@3d701f36}
00:06:45.748 [http-nio-8035-exec-10] INFO  sys-sql - [logInfo,43] - sqlId = org.example.core.mapper.SysUserMapper.selectList
00:06:45.748 [http-nio-8035-exec-10] INFO  sys-sql - [logInfo,48] - 完整的sql:org.example.core.mapper.SysUserMapper.selectList:SELECT user_id,role_id,account,name,sex,phone,password,review_status,status,deleted,remark,create_time,update_time FROM sys_user WHERE deleted=0 AND (status = 0) ORDER BY create_time DESC
00:08:12.411 [http-nio-8035-exec-2] INFO  sys-sql - [logInfo,40] - parameter = {ew=com.baomidou.mybatisplus.core.conditions.query.LambdaQueryWrapper@44a8a0fb, param1=com.baomidou.mybatisplus.core.conditions.query.LambdaQueryWrapper@44a8a0fb}
00:08:12.411 [http-nio-8035-exec-2] INFO  sys-sql - [logInfo,43] - sqlId = org.example.core.mapper.SysUserMapper.selectList
00:08:12.412 [http-nio-8035-exec-2] INFO  sys-sql - [logInfo,48] - 完整的sql:org.example.core.mapper.SysUserMapper.selectList:SELECT user_id,role_id,account,name,sex,phone,password,review_status,status,deleted,remark,create_time,update_time FROM sys_user WHERE deleted=0 AND (role_id = 2 AND review_status = 2) ORDER BY create_time DESC
00:08:12.421 [http-nio-8035-exec-2] INFO  sys-sql - [logInfo,40] - parameter = {ew=com.baomidou.mybatisplus.core.conditions.query.LambdaQueryWrapper@5a1f74ca, param1=com.baomidou.mybatisplus.core.conditions.query.LambdaQueryWrapper@5a1f74ca}
00:08:12.422 [http-nio-8035-exec-2] INFO  sys-sql - [logInfo,43] - sqlId = org.example.authserver.mapper.SysStudentMapper.selectList
00:08:12.423 [http-nio-8035-exec-2] INFO  sys-sql - [logInfo,48] - 完整的sql:org.example.authserver.mapper.SysStudentMapper.selectList:SELECT student_id,user_id,college,major,grade,create_time,update_time FROM sys_student WHERE (user_id IN (20,19,6,9))
00:08:12.428 [http-nio-8035-exec-2] INFO  sys-sql - [logInfo,40] - parameter = {ew=com.baomidou.mybatisplus.core.conditions.query.LambdaQueryWrapper@7e62e393, param1=com.baomidou.mybatisplus.core.conditions.query.LambdaQueryWrapper@7e62e393}
00:08:12.428 [http-nio-8035-exec-2] INFO  sys-sql - [logInfo,43] - sqlId = org.example.core.mapper.SysDictDataMapper.selectList
00:08:12.429 [http-nio-8035-exec-2] INFO  sys-sql - [logInfo,48] - 完整的sql:org.example.core.mapper.SysDictDataMapper.selectList:SELECT dict_code,dict_sort,dict_label,dict_value,dict_type,status,remark,create_time,update_time FROM sys_dict_data WHERE (dict_value IN ('0','2','3') AND dict_type = 'college')
00:08:12.434 [http-nio-8035-exec-2] INFO  sys-sql - [logInfo,40] - parameter = {ew=com.baomidou.mybatisplus.core.conditions.query.LambdaQueryWrapper@4d8fbbe5, param1=com.baomidou.mybatisplus.core.conditions.query.LambdaQueryWrapper@4d8fbbe5}
00:08:12.435 [http-nio-8035-exec-2] INFO  sys-sql - [logInfo,43] - sqlId = org.example.core.mapper.SysDictDataMapper.selectList
00:08:12.435 [http-nio-8035-exec-2] INFO  sys-sql - [logInfo,48] - 完整的sql:org.example.core.mapper.SysDictDataMapper.selectList:SELECT dict_code,dict_sort,dict_label,dict_value,dict_type,status,remark,create_time,update_time FROM sys_dict_data WHERE (dict_value IN ('1','5','7') AND dict_type = 'major')
00:08:13.396 [http-nio-8035-exec-3] INFO  sys-sql - [logInfo,40] - parameter = {ew=com.baomidou.mybatisplus.core.conditions.query.LambdaQueryWrapper@1bb989e7, param1=com.baomidou.mybatisplus.core.conditions.query.LambdaQueryWrapper@1bb989e7}
00:08:13.396 [http-nio-8035-exec-3] INFO  sys-sql - [logInfo,43] - sqlId = org.example.core.mapper.SysUserMapper.selectList
00:08:13.396 [http-nio-8035-exec-3] INFO  sys-sql - [logInfo,48] - 完整的sql:org.example.core.mapper.SysUserMapper.selectList:SELECT user_id,role_id,account,name,sex,phone,password,review_status,status,deleted,remark,create_time,update_time FROM sys_user WHERE deleted=0 AND (role_id = 1 AND review_status = 2) ORDER BY create_time DESC
00:08:15.552 [http-nio-8035-exec-7] INFO  sys-sql - [logInfo,40] - parameter = {ew=com.baomidou.mybatisplus.core.conditions.query.LambdaQueryWrapper@35018c50, param1=com.baomidou.mybatisplus.core.conditions.query.LambdaQueryWrapper@35018c50}
00:08:15.553 [http-nio-8035-exec-7] INFO  sys-sql - [logInfo,43] - sqlId = org.example.core.mapper.SysUserMapper.selectList
00:08:15.554 [http-nio-8035-exec-7] INFO  sys-sql - [logInfo,48] - 完整的sql:org.example.core.mapper.SysUserMapper.selectList:SELECT user_id,role_id,account,name,sex,phone,password,review_status,status,deleted,remark,create_time,update_time FROM sys_user WHERE deleted=0 AND (status = 0) ORDER BY create_time DESC
00:08:16.171 [http-nio-8035-exec-8] INFO  sys-sql - [logInfo,40] - parameter = {ew=com.baomidou.mybatisplus.core.conditions.query.LambdaQueryWrapper@41ce34ee, param1=com.baomidou.mybatisplus.core.conditions.query.LambdaQueryWrapper@41ce34ee}
00:08:16.172 [http-nio-8035-exec-8] INFO  sys-sql - [logInfo,43] - sqlId = org.example.core.mapper.SysUserMapper.selectList
00:08:16.172 [http-nio-8035-exec-8] INFO  sys-sql - [logInfo,48] - 完整的sql:org.example.core.mapper.SysUserMapper.selectList:SELECT user_id,role_id,account,name,sex,phone,password,review_status,status,deleted,remark,create_time,update_time FROM sys_user WHERE deleted=0 AND (role_id = 1 AND review_status = 2) ORDER BY create_time DESC
00:08:25.508 [http-nio-8035-exec-6] INFO  sys-sql - [logInfo,40] - parameter = {ew=com.baomidou.mybatisplus.core.conditions.query.LambdaQueryWrapper@2d97cec0, param1=com.baomidou.mybatisplus.core.conditions.query.LambdaQueryWrapper@2d97cec0}
00:08:25.509 [http-nio-8035-exec-6] INFO  sys-sql - [logInfo,43] - sqlId = org.example.core.mapper.SysUserMapper.selectList
00:08:25.509 [http-nio-8035-exec-6] INFO  sys-sql - [logInfo,48] - 完整的sql:org.example.core.mapper.SysUserMapper.selectList:SELECT user_id,role_id,account,name,sex,phone,password,review_status,status,deleted,remark,create_time,update_time FROM sys_user WHERE deleted=0 AND (role_id = 2 AND review_status = 2) ORDER BY create_time DESC
00:08:25.516 [http-nio-8035-exec-6] INFO  sys-sql - [logInfo,40] - parameter = {ew=com.baomidou.mybatisplus.core.conditions.query.LambdaQueryWrapper@659152a7, param1=com.baomidou.mybatisplus.core.conditions.query.LambdaQueryWrapper@659152a7}
00:08:25.517 [http-nio-8035-exec-6] INFO  sys-sql - [logInfo,43] - sqlId = org.example.authserver.mapper.SysStudentMapper.selectList
00:08:25.517 [http-nio-8035-exec-6] INFO  sys-sql - [logInfo,48] - 完整的sql:org.example.authserver.mapper.SysStudentMapper.selectList:SELECT student_id,user_id,college,major,grade,create_time,update_time FROM sys_student WHERE (user_id IN (20,19,6,9))
00:08:25.523 [http-nio-8035-exec-6] INFO  sys-sql - [logInfo,40] - parameter = {ew=com.baomidou.mybatisplus.core.conditions.query.LambdaQueryWrapper@7bed9532, param1=com.baomidou.mybatisplus.core.conditions.query.LambdaQueryWrapper@7bed9532}
00:08:25.523 [http-nio-8035-exec-6] INFO  sys-sql - [logInfo,43] - sqlId = org.example.core.mapper.SysDictDataMapper.selectList
00:08:25.523 [http-nio-8035-exec-6] INFO  sys-sql - [logInfo,48] - 完整的sql:org.example.core.mapper.SysDictDataMapper.selectList:SELECT dict_code,dict_sort,dict_label,dict_value,dict_type,status,remark,create_time,update_time FROM sys_dict_data WHERE (dict_value IN ('0','2','3') AND dict_type = 'college')
00:08:25.527 [http-nio-8035-exec-6] INFO  sys-sql - [logInfo,40] - parameter = {ew=com.baomidou.mybatisplus.core.conditions.query.LambdaQueryWrapper@b7a4ddc, param1=com.baomidou.mybatisplus.core.conditions.query.LambdaQueryWrapper@b7a4ddc}
00:08:25.528 [http-nio-8035-exec-6] INFO  sys-sql - [logInfo,43] - sqlId = org.example.core.mapper.SysDictDataMapper.selectList
00:08:25.529 [http-nio-8035-exec-6] INFO  sys-sql - [logInfo,48] - 完整的sql:org.example.core.mapper.SysDictDataMapper.selectList:SELECT dict_code,dict_sort,dict_label,dict_value,dict_type,status,remark,create_time,update_time FROM sys_dict_data WHERE (dict_value IN ('1','5','7') AND dict_type = 'major')
00:08:31.894 [http-nio-8035-exec-4] INFO  sys-sql - [logInfo,40] - parameter = {ew=com.baomidou.mybatisplus.core.conditions.query.LambdaQueryWrapper@631c939d, param1=com.baomidou.mybatisplus.core.conditions.query.LambdaQueryWrapper@631c939d}
00:08:31.895 [http-nio-8035-exec-4] INFO  sys-sql - [logInfo,43] - sqlId = org.example.core.mapper.SysUserMapper.selectList
00:08:31.895 [http-nio-8035-exec-4] INFO  sys-sql - [logInfo,48] - 完整的sql:org.example.core.mapper.SysUserMapper.selectList:SELECT user_id,role_id,account,name,sex,phone,password,review_status,status,deleted,remark,create_time,update_time FROM sys_user WHERE deleted=0 AND (role_id = 2 AND review_status = 2) ORDER BY create_time DESC
00:08:31.900 [http-nio-8035-exec-4] INFO  sys-sql - [logInfo,40] - parameter = {ew=com.baomidou.mybatisplus.core.conditions.query.LambdaQueryWrapper@9a5aa9, param1=com.baomidou.mybatisplus.core.conditions.query.LambdaQueryWrapper@9a5aa9}
00:08:31.901 [http-nio-8035-exec-4] INFO  sys-sql - [logInfo,43] - sqlId = org.example.authserver.mapper.SysStudentMapper.selectList
00:08:31.901 [http-nio-8035-exec-4] INFO  sys-sql - [logInfo,48] - 完整的sql:org.example.authserver.mapper.SysStudentMapper.selectList:SELECT student_id,user_id,college,major,grade,create_time,update_time FROM sys_student WHERE (user_id IN (20,19,6,9))
00:08:31.906 [http-nio-8035-exec-4] INFO  sys-sql - [logInfo,40] - parameter = {ew=com.baomidou.mybatisplus.core.conditions.query.LambdaQueryWrapper@489d6470, param1=com.baomidou.mybatisplus.core.conditions.query.LambdaQueryWrapper@489d6470}
00:08:31.907 [http-nio-8035-exec-4] INFO  sys-sql - [logInfo,43] - sqlId = org.example.core.mapper.SysDictDataMapper.selectList
00:08:31.907 [http-nio-8035-exec-4] INFO  sys-sql - [logInfo,48] - 完整的sql:org.example.core.mapper.SysDictDataMapper.selectList:SELECT dict_code,dict_sort,dict_label,dict_value,dict_type,status,remark,create_time,update_time FROM sys_dict_data WHERE (dict_value IN ('0','2','3') AND dict_type = 'college')
00:08:31.911 [http-nio-8035-exec-4] INFO  sys-sql - [logInfo,40] - parameter = {ew=com.baomidou.mybatisplus.core.conditions.query.LambdaQueryWrapper@305e599d, param1=com.baomidou.mybatisplus.core.conditions.query.LambdaQueryWrapper@305e599d}
00:08:31.912 [http-nio-8035-exec-4] INFO  sys-sql - [logInfo,43] - sqlId = org.example.core.mapper.SysDictDataMapper.selectList
00:08:31.913 [http-nio-8035-exec-4] INFO  sys-sql - [logInfo,48] - 完整的sql:org.example.core.mapper.SysDictDataMapper.selectList:SELECT dict_code,dict_sort,dict_label,dict_value,dict_type,status,remark,create_time,update_time FROM sys_dict_data WHERE (dict_value IN ('1','5','7') AND dict_type = 'major')
00:08:36.277 [http-nio-8035-exec-5] INFO  sys-sql - [logInfo,40] - parameter = {ew=com.baomidou.mybatisplus.core.conditions.query.LambdaQueryWrapper@4d41225, param1=com.baomidou.mybatisplus.core.conditions.query.LambdaQueryWrapper@4d41225}
00:08:36.278 [http-nio-8035-exec-5] INFO  sys-sql - [logInfo,43] - sqlId = org.example.core.mapper.SysUserMapper.selectList
00:08:36.278 [http-nio-8035-exec-5] INFO  sys-sql - [logInfo,48] - 完整的sql:org.example.core.mapper.SysUserMapper.selectList:SELECT user_id,role_id,account,name,sex,phone,password,review_status,status,deleted,remark,create_time,update_time FROM sys_user WHERE deleted=0 AND (role_id = 1 AND review_status = 2) ORDER BY create_time DESC
00:08:40.151 [http-nio-8035-exec-9] INFO  sys-sql - [logInfo,40] - parameter = {ew=com.baomidou.mybatisplus.core.conditions.query.LambdaQueryWrapper@492a0341, param1=com.baomidou.mybatisplus.core.conditions.query.LambdaQueryWrapper@492a0341}
00:08:40.151 [http-nio-8035-exec-9] INFO  sys-sql - [logInfo,43] - sqlId = org.example.core.mapper.SysUserMapper.selectList
00:08:40.152 [http-nio-8035-exec-9] INFO  sys-sql - [logInfo,48] - 完整的sql:org.example.core.mapper.SysUserMapper.selectList:SELECT user_id,role_id,account,name,sex,phone,password,review_status,status,deleted,remark,create_time,update_time FROM sys_user WHERE deleted=0 AND (role_id = 2 AND review_status = 2) ORDER BY create_time DESC
00:08:40.158 [http-nio-8035-exec-9] INFO  sys-sql - [logInfo,40] - parameter = {ew=com.baomidou.mybatisplus.core.conditions.query.LambdaQueryWrapper@3985fe93, param1=com.baomidou.mybatisplus.core.conditions.query.LambdaQueryWrapper@3985fe93}
00:08:40.158 [http-nio-8035-exec-9] INFO  sys-sql - [logInfo,43] - sqlId = org.example.authserver.mapper.SysStudentMapper.selectList
00:08:40.159 [http-nio-8035-exec-9] INFO  sys-sql - [logInfo,48] - 完整的sql:org.example.authserver.mapper.SysStudentMapper.selectList:SELECT student_id,user_id,college,major,grade,create_time,update_time FROM sys_student WHERE (user_id IN (20,19,6,9))
00:08:40.164 [http-nio-8035-exec-9] INFO  sys-sql - [logInfo,40] - parameter = {ew=com.baomidou.mybatisplus.core.conditions.query.LambdaQueryWrapper@572c476f, param1=com.baomidou.mybatisplus.core.conditions.query.LambdaQueryWrapper@572c476f}
00:08:40.165 [http-nio-8035-exec-9] INFO  sys-sql - [logInfo,43] - sqlId = org.example.core.mapper.SysDictDataMapper.selectList
00:08:40.165 [http-nio-8035-exec-9] INFO  sys-sql - [logInfo,48] - 完整的sql:org.example.core.mapper.SysDictDataMapper.selectList:SELECT dict_code,dict_sort,dict_label,dict_value,dict_type,status,remark,create_time,update_time FROM sys_dict_data WHERE (dict_value IN ('0','2','3') AND dict_type = 'college')
00:08:40.170 [http-nio-8035-exec-9] INFO  sys-sql - [logInfo,40] - parameter = {ew=com.baomidou.mybatisplus.core.conditions.query.LambdaQueryWrapper@27615712, param1=com.baomidou.mybatisplus.core.conditions.query.LambdaQueryWrapper@27615712}
00:08:40.171 [http-nio-8035-exec-9] INFO  sys-sql - [logInfo,43] - sqlId = org.example.core.mapper.SysDictDataMapper.selectList
00:08:40.171 [http-nio-8035-exec-9] INFO  sys-sql - [logInfo,48] - 完整的sql:org.example.core.mapper.SysDictDataMapper.selectList:SELECT dict_code,dict_sort,dict_label,dict_value,dict_type,status,remark,create_time,update_time FROM sys_dict_data WHERE (dict_value IN ('1','5','7') AND dict_type = 'major')
00:08:43.293 [http-nio-8035-exec-10] INFO  sys-sql - [logInfo,40] - parameter = {ew=com.baomidou.mybatisplus.core.conditions.query.LambdaQueryWrapper@6f961084, param1=com.baomidou.mybatisplus.core.conditions.query.LambdaQueryWrapper@6f961084}
00:08:43.294 [http-nio-8035-exec-10] INFO  sys-sql - [logInfo,43] - sqlId = org.example.core.mapper.SysUserMapper.selectList
00:08:43.294 [http-nio-8035-exec-10] INFO  sys-sql - [logInfo,48] - 完整的sql:org.example.core.mapper.SysUserMapper.selectList:SELECT user_id,role_id,account,name,sex,phone,password,review_status,status,deleted,remark,create_time,update_time FROM sys_user WHERE deleted=0 AND (role_id = 1 AND review_status = 2) ORDER BY create_time DESC
00:08:44.809 [http-nio-8035-exec-1] INFO  sys-sql - [logInfo,40] - parameter = {ew=com.baomidou.mybatisplus.core.conditions.query.LambdaQueryWrapper@3ff4f7e0, param1=com.baomidou.mybatisplus.core.conditions.query.LambdaQueryWrapper@3ff4f7e0}
00:08:44.809 [http-nio-8035-exec-1] INFO  sys-sql - [logInfo,43] - sqlId = org.example.core.mapper.SysUserMapper.selectList
00:08:44.810 [http-nio-8035-exec-1] INFO  sys-sql - [logInfo,48] - 完整的sql:org.example.core.mapper.SysUserMapper.selectList:SELECT user_id,role_id,account,name,sex,phone,password,review_status,status,deleted,remark,create_time,update_time FROM sys_user WHERE deleted=0 AND (role_id = 2 AND review_status = 2) ORDER BY create_time DESC
00:08:44.815 [http-nio-8035-exec-1] INFO  sys-sql - [logInfo,40] - parameter = {ew=com.baomidou.mybatisplus.core.conditions.query.LambdaQueryWrapper@182d8cc6, param1=com.baomidou.mybatisplus.core.conditions.query.LambdaQueryWrapper@182d8cc6}
00:08:44.816 [http-nio-8035-exec-1] INFO  sys-sql - [logInfo,43] - sqlId = org.example.authserver.mapper.SysStudentMapper.selectList
00:08:44.816 [http-nio-8035-exec-1] INFO  sys-sql - [logInfo,48] - 完整的sql:org.example.authserver.mapper.SysStudentMapper.selectList:SELECT student_id,user_id,college,major,grade,create_time,update_time FROM sys_student WHERE (user_id IN (20,19,6,9))
00:08:44.821 [http-nio-8035-exec-1] INFO  sys-sql - [logInfo,40] - parameter = {ew=com.baomidou.mybatisplus.core.conditions.query.LambdaQueryWrapper@5dd6248a, param1=com.baomidou.mybatisplus.core.conditions.query.LambdaQueryWrapper@5dd6248a}
00:08:44.821 [http-nio-8035-exec-1] INFO  sys-sql - [logInfo,43] - sqlId = org.example.core.mapper.SysDictDataMapper.selectList
00:08:44.822 [http-nio-8035-exec-1] INFO  sys-sql - [logInfo,48] - 完整的sql:org.example.core.mapper.SysDictDataMapper.selectList:SELECT dict_code,dict_sort,dict_label,dict_value,dict_type,status,remark,create_time,update_time FROM sys_dict_data WHERE (dict_value IN ('0','2','3') AND dict_type = 'college')
00:08:44.825 [http-nio-8035-exec-1] INFO  sys-sql - [logInfo,40] - parameter = {ew=com.baomidou.mybatisplus.core.conditions.query.LambdaQueryWrapper@2df4d686, param1=com.baomidou.mybatisplus.core.conditions.query.LambdaQueryWrapper@2df4d686}
00:08:44.826 [http-nio-8035-exec-1] INFO  sys-sql - [logInfo,43] - sqlId = org.example.core.mapper.SysDictDataMapper.selectList
00:08:44.826 [http-nio-8035-exec-1] INFO  sys-sql - [logInfo,48] - 完整的sql:org.example.core.mapper.SysDictDataMapper.selectList:SELECT dict_code,dict_sort,dict_label,dict_value,dict_type,status,remark,create_time,update_time FROM sys_dict_data WHERE (dict_value IN ('1','5','7') AND dict_type = 'major')
00:09:00.592 [http-nio-8035-exec-2] INFO  sys-sql - [logInfo,40] - parameter = {ew=com.baomidou.mybatisplus.core.conditions.query.LambdaQueryWrapper@7b021887, param1=com.baomidou.mybatisplus.core.conditions.query.LambdaQueryWrapper@7b021887}
00:09:00.592 [http-nio-8035-exec-2] INFO  sys-sql - [logInfo,43] - sqlId = org.example.core.mapper.SysUserMapper.selectList
00:09:00.593 [http-nio-8035-exec-2] INFO  sys-sql - [logInfo,48] - 完整的sql:org.example.core.mapper.SysUserMapper.selectList:SELECT user_id,role_id,account,name,sex,phone,password,review_status,status,deleted,remark,create_time,update_time FROM sys_user WHERE deleted=0 AND (role_id = 1 AND review_status = 2) ORDER BY create_time DESC
00:09:01.281 [http-nio-8035-exec-3] INFO  sys-sql - [logInfo,40] - parameter = {ew=com.baomidou.mybatisplus.core.conditions.query.LambdaQueryWrapper@33cecc7b, param1=com.baomidou.mybatisplus.core.conditions.query.LambdaQueryWrapper@33cecc7b}
00:09:01.282 [http-nio-8035-exec-3] INFO  sys-sql - [logInfo,43] - sqlId = org.example.core.mapper.SysUserMapper.selectList
00:09:01.282 [http-nio-8035-exec-3] INFO  sys-sql - [logInfo,48] - 完整的sql:org.example.core.mapper.SysUserMapper.selectList:SELECT user_id,role_id,account,name,sex,phone,password,review_status,status,deleted,remark,create_time,update_time FROM sys_user WHERE deleted=0 AND (role_id = 2 AND review_status = 2) ORDER BY create_time DESC
00:09:01.287 [http-nio-8035-exec-3] INFO  sys-sql - [logInfo,40] - parameter = {ew=com.baomidou.mybatisplus.core.conditions.query.LambdaQueryWrapper@61b7b041, param1=com.baomidou.mybatisplus.core.conditions.query.LambdaQueryWrapper@61b7b041}
00:09:01.287 [http-nio-8035-exec-3] INFO  sys-sql - [logInfo,43] - sqlId = org.example.authserver.mapper.SysStudentMapper.selectList
00:09:01.287 [http-nio-8035-exec-3] INFO  sys-sql - [logInfo,48] - 完整的sql:org.example.authserver.mapper.SysStudentMapper.selectList:SELECT student_id,user_id,college,major,grade,create_time,update_time FROM sys_student WHERE (user_id IN (20,19,6,9))
00:09:01.289 [http-nio-8035-exec-3] INFO  sys-sql - [logInfo,40] - parameter = {ew=com.baomidou.mybatisplus.core.conditions.query.LambdaQueryWrapper@4c26fe7d, param1=com.baomidou.mybatisplus.core.conditions.query.LambdaQueryWrapper@4c26fe7d}
00:09:01.290 [http-nio-8035-exec-3] INFO  sys-sql - [logInfo,43] - sqlId = org.example.core.mapper.SysDictDataMapper.selectList
00:09:01.290 [http-nio-8035-exec-3] INFO  sys-sql - [logInfo,48] - 完整的sql:org.example.core.mapper.SysDictDataMapper.selectList:SELECT dict_code,dict_sort,dict_label,dict_value,dict_type,status,remark,create_time,update_time FROM sys_dict_data WHERE (dict_value IN ('0','2','3') AND dict_type = 'college')
00:09:01.293 [http-nio-8035-exec-3] INFO  sys-sql - [logInfo,40] - parameter = {ew=com.baomidou.mybatisplus.core.conditions.query.LambdaQueryWrapper@37dc7562, param1=com.baomidou.mybatisplus.core.conditions.query.LambdaQueryWrapper@37dc7562}
00:09:01.293 [http-nio-8035-exec-3] INFO  sys-sql - [logInfo,43] - sqlId = org.example.core.mapper.SysDictDataMapper.selectList
00:09:01.294 [http-nio-8035-exec-3] INFO  sys-sql - [logInfo,48] - 完整的sql:org.example.core.mapper.SysDictDataMapper.selectList:SELECT dict_code,dict_sort,dict_label,dict_value,dict_type,status,remark,create_time,update_time FROM sys_dict_data WHERE (dict_value IN ('1','5','7') AND dict_type = 'major')
00:09:14.772 [http-nio-8035-exec-7] INFO  sys-sql - [logInfo,40] - parameter = {ew=com.baomidou.mybatisplus.core.conditions.query.LambdaQueryWrapper@44e1e9fa, param1=com.baomidou.mybatisplus.core.conditions.query.LambdaQueryWrapper@44e1e9fa}
00:09:14.772 [http-nio-8035-exec-7] INFO  sys-sql - [logInfo,43] - sqlId = org.example.core.mapper.SysUserMapper.selectList
00:09:14.773 [http-nio-8035-exec-7] INFO  sys-sql - [logInfo,48] - 完整的sql:org.example.core.mapper.SysUserMapper.selectList:SELECT user_id,role_id,account,name,sex,phone,password,review_status,status,deleted,remark,create_time,update_time FROM sys_user WHERE deleted=0 AND (role_id = 1 AND review_status = 2) ORDER BY create_time DESC
00:09:16.943 [http-nio-8035-exec-8] INFO  sys-sql - [logInfo,40] - parameter = {ew=com.baomidou.mybatisplus.core.conditions.query.LambdaQueryWrapper@2b989bec, param1=com.baomidou.mybatisplus.core.conditions.query.LambdaQueryWrapper@2b989bec}
00:09:16.944 [http-nio-8035-exec-8] INFO  sys-sql - [logInfo,43] - sqlId = org.example.core.mapper.SysUserMapper.selectList
00:09:16.944 [http-nio-8035-exec-8] INFO  sys-sql - [logInfo,48] - 完整的sql:org.example.core.mapper.SysUserMapper.selectList:SELECT user_id,role_id,account,name,sex,phone,password,review_status,status,deleted,remark,create_time,update_time FROM sys_user WHERE deleted=0 AND (status = 0) ORDER BY create_time DESC
00:09:17.958 [http-nio-8035-exec-6] INFO  sys-sql - [logInfo,40] - parameter = {ew=com.baomidou.mybatisplus.core.conditions.query.LambdaQueryWrapper@1a07fcad, param1=com.baomidou.mybatisplus.core.conditions.query.LambdaQueryWrapper@1a07fcad}
00:09:17.958 [http-nio-8035-exec-6] INFO  sys-sql - [logInfo,43] - sqlId = org.example.core.mapper.SysUserMapper.selectList
00:09:17.959 [http-nio-8035-exec-6] INFO  sys-sql - [logInfo,48] - 完整的sql:org.example.core.mapper.SysUserMapper.selectList:SELECT user_id,role_id,account,name,sex,phone,password,review_status,status,deleted,remark,create_time,update_time FROM sys_user WHERE deleted=0 AND (role_id = 1 AND review_status = 2) ORDER BY create_time DESC
00:09:20.533 [lettuce-nioEventLoop-4-1] INFO  i.l.c.p.CommandHandler - [log,217] - null Unexpected exception during request: java.io.IOException: 远程主机强迫关闭了一个现有的连接。
java.io.IOException: 远程主机强迫关闭了一个现有的连接。
	at sun.nio.ch.SocketDispatcher.read0(Native Method)
	at sun.nio.ch.SocketDispatcher.read(SocketDispatcher.java:43)
	at sun.nio.ch.IOUtil.readIntoNativeBuffer(IOUtil.java:223)
	at sun.nio.ch.IOUtil.read(IOUtil.java:192)
	at sun.nio.ch.SocketChannelImpl.read(SocketChannelImpl.java:378)
	at io.netty.buffer.PooledByteBuf.setBytes(PooledByteBuf.java:253)
	at io.netty.buffer.AbstractByteBuf.writeBytes(AbstractByteBuf.java:1134)
	at io.netty.channel.socket.nio.NioSocketChannel.doReadBytes(NioSocketChannel.java:350)
	at io.netty.channel.nio.AbstractNioByteChannel$NioByteUnsafe.read(AbstractNioByteChannel.java:151)
	at io.netty.channel.nio.NioEventLoop.processSelectedKey(NioEventLoop.java:719)
	at io.netty.channel.nio.NioEventLoop.processSelectedKeysOptimized(NioEventLoop.java:655)
	at io.netty.channel.nio.NioEventLoop.processSelectedKeys(NioEventLoop.java:581)
	at io.netty.channel.nio.NioEventLoop.run(NioEventLoop.java:493)
	at io.netty.util.concurrent.SingleThreadEventExecutor$4.run(SingleThreadEventExecutor.java:989)
	at io.netty.util.internal.ThreadExecutorMap$2.run(ThreadExecutorMap.java:74)
	at io.netty.util.concurrent.FastThreadLocalRunnable.run(FastThreadLocalRunnable.java:30)
	at java.lang.Thread.run(Thread.java:750)
00:09:20.659 [lettuce-eventExecutorLoop-1-6] INFO  i.l.c.p.ConnectionWatchdog - [log,171] - Reconnecting, last destination was localhost/127.0.0.1:6379
