00:01:04.046 [AsyncResolver-bootstrap-executor-0] INFO  c.n.d.s.r.a.ConfigClusterResolver - [getClusterEndpoints,43] - Resolving eureka endpoints via configuration
00:05:44.916 [http-nio-8040-exec-4] INFO  sys-sql - [logInfo,40] - parameter = {query=DeviceQueryDTO(deviceCode=null, deviceName=null, category=null, status=null, pageNum=1, pageSize=10), page=com.baomidou.mybatisplus.extension.plugins.pagination.Page@68f0c9c9, param1=com.baomidou.mybatisplus.extension.plugins.pagination.Page@68f0c9c9, param2=DeviceQueryDTO(deviceCode=null, deviceName=null, category=null, status=null, pageNum=1, pageSize=10)}
00:05:44.917 [http-nio-8040-exec-4] INFO  sys-sql - [logInfo,43] - sqlId = com.example.device.mapper.DeviceMapper.selectDevicePage
00:05:44.919 [http-nio-8040-exec-4] INFO  sys-sql - [logInfo,48] - 完整的sql:com.example.device.mapper.DeviceMapper.selectDevicePage:SELECT * FROM sys_device
00:05:44.941 [http-nio-8040-exec-4] INFO  sys-sql - [logInfo,40] - parameter = {ew=com.baomidou.mybatisplus.core.conditions.query.LambdaQueryWrapper@709061a4, param1=com.baomidou.mybatisplus.core.conditions.query.LambdaQueryWrapper@709061a4}
00:05:44.942 [http-nio-8040-exec-4] INFO  sys-sql - [logInfo,43] - sqlId = org.example.core.mapper.SysUserMapper.selectList
00:05:44.942 [http-nio-8040-exec-4] INFO  sys-sql - [logInfo,48] - 完整的sql:org.example.core.mapper.SysUserMapper.selectList:SELECT user_id,role_id,account,name,sex,phone,password,review_status,status,deleted,remark,create_time,update_time FROM sys_user WHERE deleted=0 AND (role_id = 1)
00:06:04.062 [AsyncResolver-bootstrap-executor-0] INFO  c.n.d.s.r.a.ConfigClusterResolver - [getClusterEndpoints,43] - Resolving eureka endpoints via configuration
00:06:22.309 [http-nio-8040-exec-8] INFO  sys-sql - [logInfo,40] - parameter = {ew=com.baomidou.mybatisplus.core.conditions.query.LambdaQueryWrapper@638e5547, param1=com.baomidou.mybatisplus.core.conditions.query.LambdaQueryWrapper@638e5547}
00:06:22.309 [http-nio-8040-exec-8] INFO  sys-sql - [logInfo,43] - sqlId = com.example.device.mapper.DeviceMapper.selectList
00:06:22.310 [http-nio-8040-exec-8] INFO  sys-sql - [logInfo,48] - 完整的sql:com.example.device.mapper.DeviceMapper.selectList:SELECT device_id,device_code,device_name,category,status,teacher_id,create_time,update_time FROM sys_device WHERE (teacher_id IS NOT NULL AND status = 2)
00:06:22.317 [http-nio-8040-exec-8] INFO  sys-sql - [logInfo,40] - parameter = {ew=com.baomidou.mybatisplus.core.conditions.query.LambdaQueryWrapper@7b35c47a, param1=com.baomidou.mybatisplus.core.conditions.query.LambdaQueryWrapper@7b35c47a}
00:06:22.318 [http-nio-8040-exec-8] INFO  sys-sql - [logInfo,43] - sqlId = org.example.core.mapper.SysUserMapper.selectList
00:06:22.318 [http-nio-8040-exec-8] INFO  sys-sql - [logInfo,48] - 完整的sql:org.example.core.mapper.SysUserMapper.selectList:SELECT user_id,role_id,account,name,sex,phone,password,review_status,status,deleted,remark,create_time,update_time FROM sys_user WHERE deleted=0 AND (role_id = 1)
00:08:59.998 [http-nio-8040-exec-1] INFO  sys-sql - [logInfo,40] - parameter = {query=DeviceQueryDTO(deviceCode=null, deviceName=null, category=null, status=null, pageNum=1, pageSize=10), page=com.baomidou.mybatisplus.extension.plugins.pagination.Page@69fb695, param1=com.baomidou.mybatisplus.extension.plugins.pagination.Page@69fb695, param2=DeviceQueryDTO(deviceCode=null, deviceName=null, category=null, status=null, pageNum=1, pageSize=10)}
00:08:59.999 [http-nio-8040-exec-1] INFO  sys-sql - [logInfo,43] - sqlId = com.example.device.mapper.DeviceMapper.selectDevicePage
00:08:59.999 [http-nio-8040-exec-1] INFO  sys-sql - [logInfo,48] - 完整的sql:com.example.device.mapper.DeviceMapper.selectDevicePage:SELECT * FROM sys_device
00:09:00.016 [http-nio-8040-exec-1] INFO  sys-sql - [logInfo,40] - parameter = {ew=com.baomidou.mybatisplus.core.conditions.query.LambdaQueryWrapper@42955468, param1=com.baomidou.mybatisplus.core.conditions.query.LambdaQueryWrapper@42955468}
00:09:00.017 [http-nio-8040-exec-1] INFO  sys-sql - [logInfo,43] - sqlId = org.example.core.mapper.SysUserMapper.selectList
00:09:00.018 [http-nio-8040-exec-1] INFO  sys-sql - [logInfo,48] - 完整的sql:org.example.core.mapper.SysUserMapper.selectList:SELECT user_id,role_id,account,name,sex,phone,password,review_status,status,deleted,remark,create_time,update_time FROM sys_user WHERE deleted=0 AND (role_id = 1)
