23:44:15.923 [background-preinit] INFO  o.h.v.i.util.Version - [<clinit>,21] - HV000001: Hibernate Validator 6.1.7.Final
23:44:17.629 [main] INFO  o.e.c.ConfigServerApplication - [logStartupProfileInfo,655] - The following profiles are active: native
23:44:18.178 [main] INFO  o.a.c.h.Http11NioProtocol - [log,173] - Initializing ProtocolHandler ["http-nio-8762"]
23:44:18.178 [main] INFO  o.a.c.c.StandardService - [log,173] - Starting service [Tomcat]
23:44:18.179 [main] INFO  o.a.c.c.StandardEngine - [log,173] - Starting Servlet engine: [Apache Tomcat/9.0.43]
23:44:18.179 [main] INFO  o.a.c.c.AprLifecycleListener - [log,173] - Loaded Apache Tomcat Native library [1.3.1] using APR version [1.7.4].
23:44:18.179 [main] INFO  o.a.c.c.AprLifecycleListener - [log,173] - APR capabilities: IPv6 [true], sendfile [true], accept filters [false], random [true].
23:44:18.187 [main] INFO  o.a.c.c.AprLifecycleListener - [log,173] - APR/OpenSSL configuration: useAprConnector [false], useOpenSSL [true]
23:44:18.190 [main] INFO  o.a.c.c.AprLifecycleListener - [log,173] - OpenSSL successfully initialized [OpenSSL 3.0.14 4 Jun 2024]
23:44:18.350 [main] INFO  o.a.c.c.C.[.[.[/] - [log,173] - Initializing Spring embedded WebApplicationContext
23:44:18.384 [main] INFO  c.n.c.s.URLConfigurationSource - [<init>,122] - To enable URLs as dynamic configuration sources, define System property archaius.configurationSource.additionalUrls or make config.properties available on classpath.
23:44:18.390 [main] INFO  c.n.c.DynamicPropertyFactory - [getInstance,281] - DynamicPropertyFactory is initialized with configuration sources: com.netflix.config.ConcurrentCompositeConfiguration@5eb0a686
23:44:18.436 [main] INFO  c.n.c.s.URLConfigurationSource - [<init>,122] - To enable URLs as dynamic configuration sources, define System property archaius.configurationSource.additionalUrls or make config.properties available on classpath.
23:44:21.712 [main] INFO  c.n.d.DiscoveryClient - [<init>,372] - Initializing Eureka in region us-east-1
23:44:22.103 [main] INFO  c.n.d.p.DiscoveryJerseyProvider - [<init>,70] - Using JSON encoding codec LegacyJacksonJson
23:44:22.104 [main] INFO  c.n.d.p.DiscoveryJerseyProvider - [<init>,71] - Using JSON decoding codec LegacyJacksonJson
23:44:22.160 [main] INFO  c.n.d.p.DiscoveryJerseyProvider - [<init>,80] - Using XML encoding codec XStreamXml
23:44:22.160 [main] INFO  c.n.d.p.DiscoveryJerseyProvider - [<init>,81] - Using XML decoding codec XStreamXml
23:44:22.232 [main] INFO  c.n.d.s.r.a.ConfigClusterResolver - [getClusterEndpoints,43] - Resolving eureka endpoints via configuration
23:44:22.538 [main] INFO  c.n.d.DiscoveryClient - [fetchRegistry,1007] - Disable delta property : false
23:44:22.539 [main] INFO  c.n.d.DiscoveryClient - [fetchRegistry,1008] - Single vip registry refresh property : null
23:44:22.539 [main] INFO  c.n.d.DiscoveryClient - [fetchRegistry,1009] - Force full registry fetch : false
23:44:22.539 [main] INFO  c.n.d.DiscoveryClient - [fetchRegistry,1010] - Application is null : false
23:44:22.539 [main] INFO  c.n.d.DiscoveryClient - [fetchRegistry,1011] - Registered Applications size is zero : true
23:44:22.540 [main] INFO  c.n.d.DiscoveryClient - [fetchRegistry,1013] - Application version is -1: true
23:44:22.540 [main] INFO  c.n.d.DiscoveryClient - [getAndStoreFullRegistry,1097] - Getting all instance registry info from the eureka server
23:44:22.635 [main] INFO  c.n.d.DiscoveryClient - [getAndStoreFullRegistry,1106] - The response status is 200
23:44:22.636 [main] INFO  c.n.d.DiscoveryClient - [initScheduledTasks,1321] - Starting heartbeat executor: renew interval is: 30
23:44:22.638 [main] INFO  c.n.d.InstanceInfoReplicator - [<init>,60] - InstanceInfoReplicator onDemand update allowed rate per min is 4
23:44:22.640 [main] INFO  c.n.d.DiscoveryClient - [<init>,492] - Discovery Client initialized at timestamp 1748533462639 with initial instances count: 0
23:44:22.640 [main] INFO  c.n.d.DiscoveryClient - [notify,1355] - Saw local status change event StatusChangeEvent [timestamp=1748533462640, current=UP, previous=STARTING]
23:44:22.642 [DiscoveryClient-InstanceInfoReplicator-0] INFO  c.n.d.DiscoveryClient - [register,873] - DiscoveryClient_CONFIG-SERVICE/localhost:config-service:8762: registering service...
23:44:22.642 [main] INFO  o.a.c.h.Http11NioProtocol - [log,173] - Starting ProtocolHandler ["http-nio-8762"]
23:44:22.692 [DiscoveryClient-InstanceInfoReplicator-0] INFO  c.n.d.DiscoveryClient - [register,882] - DiscoveryClient_CONFIG-SERVICE/localhost:config-service:8762 - registration status: 204
23:44:24.102 [main] INFO  o.e.c.ConfigServerApplication - [logStarted,61] - Started ConfigServerApplication in 9.946 seconds (JVM running for 10.768)
23:44:24.109 [main] INFO  o.e.c.ConfigServerApplication - [main,18] - (♥◠‿◠)ﾉﾞ  配置中心服务启动成功：时间2025-05-29 23:44:24   ლ(´ڡ`ლ)ﾞ  

23:44:24.553 [RMI TCP Connection(1)-192.168.29.1] INFO  o.a.c.c.C.[.[.[/] - [log,173] - Initializing Spring DispatcherServlet 'dispatcherServlet'
23:44:52.642 [DiscoveryClient-CacheRefreshExecutor-0] INFO  c.n.d.DiscoveryClient - [fetchRegistry,1007] - Disable delta property : false
23:44:52.642 [DiscoveryClient-CacheRefreshExecutor-0] INFO  c.n.d.DiscoveryClient - [fetchRegistry,1008] - Single vip registry refresh property : null
23:44:52.642 [DiscoveryClient-CacheRefreshExecutor-0] INFO  c.n.d.DiscoveryClient - [fetchRegistry,1009] - Force full registry fetch : false
23:44:52.642 [DiscoveryClient-CacheRefreshExecutor-0] INFO  c.n.d.DiscoveryClient - [fetchRegistry,1010] - Application is null : false
23:44:52.642 [DiscoveryClient-CacheRefreshExecutor-0] INFO  c.n.d.DiscoveryClient - [fetchRegistry,1011] - Registered Applications size is zero : true
23:44:52.642 [DiscoveryClient-CacheRefreshExecutor-0] INFO  c.n.d.DiscoveryClient - [fetchRegistry,1013] - Application version is -1: false
23:44:52.642 [DiscoveryClient-CacheRefreshExecutor-0] INFO  c.n.d.DiscoveryClient - [getAndStoreFullRegistry,1097] - Getting all instance registry info from the eureka server
23:44:52.673 [DiscoveryClient-CacheRefreshExecutor-0] INFO  c.n.d.DiscoveryClient - [getAndStoreFullRegistry,1106] - The response status is 200
23:49:22.555 [AsyncResolver-bootstrap-executor-0] INFO  c.n.d.s.r.a.ConfigClusterResolver - [getClusterEndpoints,43] - Resolving eureka endpoints via configuration
23:52:42.628 [DiscoveryClient-InstanceInfoReplicator-0] INFO  c.n.d.DiscoveryClient - [register,873] - DiscoveryClient_CONFIG-SERVICE/localhost:config-service:8762: registering service...
23:52:42.643 [DiscoveryClient-InstanceInfoReplicator-0] INFO  c.n.d.DiscoveryClient - [register,882] - DiscoveryClient_CONFIG-SERVICE/localhost:config-service:8762 - registration status: 204
23:52:42.976 [SpringContextShutdownHook] INFO  c.n.d.DiscoveryClient - [shutdown,935] - Shutting down DiscoveryClient ...
23:52:45.985 [SpringContextShutdownHook] INFO  c.n.d.DiscoveryClient - [unregister,971] - Unregistering ...
23:52:46.004 [SpringContextShutdownHook] INFO  c.n.d.DiscoveryClient - [unregister,973] - DiscoveryClient_CONFIG-SERVICE/localhost:config-service:8762 - deregister  status: 200
23:52:46.009 [SpringContextShutdownHook] INFO  c.n.d.DiscoveryClient - [shutdown,960] - Completed shut down of DiscoveryClient
23:52:55.500 [background-preinit] INFO  o.h.v.i.util.Version - [<clinit>,21] - HV000001: Hibernate Validator 6.1.7.Final
23:52:57.177 [main] INFO  o.e.c.ConfigServerApplication - [logStartupProfileInfo,655] - The following profiles are active: native
23:52:57.759 [main] INFO  o.a.c.h.Http11NioProtocol - [log,173] - Initializing ProtocolHandler ["http-nio-8762"]
23:52:57.759 [main] INFO  o.a.c.c.StandardService - [log,173] - Starting service [Tomcat]
23:52:57.759 [main] INFO  o.a.c.c.StandardEngine - [log,173] - Starting Servlet engine: [Apache Tomcat/9.0.43]
23:52:57.760 [main] INFO  o.a.c.c.AprLifecycleListener - [log,173] - Loaded Apache Tomcat Native library [1.3.1] using APR version [1.7.4].
23:52:57.760 [main] INFO  o.a.c.c.AprLifecycleListener - [log,173] - APR capabilities: IPv6 [true], sendfile [true], accept filters [false], random [true].
23:52:57.760 [main] INFO  o.a.c.c.AprLifecycleListener - [log,173] - APR/OpenSSL configuration: useAprConnector [false], useOpenSSL [true]
23:52:57.763 [main] INFO  o.a.c.c.AprLifecycleListener - [log,173] - OpenSSL successfully initialized [OpenSSL 3.0.14 4 Jun 2024]
23:52:57.907 [main] INFO  o.a.c.c.C.[.[.[/] - [log,173] - Initializing Spring embedded WebApplicationContext
23:52:57.943 [main] INFO  c.n.c.s.URLConfigurationSource - [<init>,122] - To enable URLs as dynamic configuration sources, define System property archaius.configurationSource.additionalUrls or make config.properties available on classpath.
23:52:57.949 [main] INFO  c.n.c.DynamicPropertyFactory - [getInstance,281] - DynamicPropertyFactory is initialized with configuration sources: com.netflix.config.ConcurrentCompositeConfiguration@6d293993
23:52:57.996 [main] INFO  c.n.c.s.URLConfigurationSource - [<init>,122] - To enable URLs as dynamic configuration sources, define System property archaius.configurationSource.additionalUrls or make config.properties available on classpath.
23:53:01.537 [main] INFO  c.n.d.DiscoveryClient - [<init>,372] - Initializing Eureka in region us-east-1
23:53:02.012 [main] INFO  c.n.d.p.DiscoveryJerseyProvider - [<init>,70] - Using JSON encoding codec LegacyJacksonJson
23:53:02.013 [main] INFO  c.n.d.p.DiscoveryJerseyProvider - [<init>,71] - Using JSON decoding codec LegacyJacksonJson
23:53:02.072 [main] INFO  c.n.d.p.DiscoveryJerseyProvider - [<init>,80] - Using XML encoding codec XStreamXml
23:53:02.073 [main] INFO  c.n.d.p.DiscoveryJerseyProvider - [<init>,81] - Using XML decoding codec XStreamXml
23:53:02.149 [main] INFO  c.n.d.s.r.a.ConfigClusterResolver - [getClusterEndpoints,43] - Resolving eureka endpoints via configuration
23:53:02.487 [main] INFO  c.n.d.DiscoveryClient - [fetchRegistry,1007] - Disable delta property : false
23:53:02.487 [main] INFO  c.n.d.DiscoveryClient - [fetchRegistry,1008] - Single vip registry refresh property : null
23:53:02.487 [main] INFO  c.n.d.DiscoveryClient - [fetchRegistry,1009] - Force full registry fetch : false
23:53:02.487 [main] INFO  c.n.d.DiscoveryClient - [fetchRegistry,1010] - Application is null : false
23:53:02.487 [main] INFO  c.n.d.DiscoveryClient - [fetchRegistry,1011] - Registered Applications size is zero : true
23:53:02.487 [main] INFO  c.n.d.DiscoveryClient - [fetchRegistry,1013] - Application version is -1: true
23:53:02.487 [main] INFO  c.n.d.DiscoveryClient - [getAndStoreFullRegistry,1097] - Getting all instance registry info from the eureka server
23:53:02.575 [main] INFO  c.n.d.DiscoveryClient - [getAndStoreFullRegistry,1106] - The response status is 200
23:53:02.576 [main] INFO  c.n.d.DiscoveryClient - [initScheduledTasks,1321] - Starting heartbeat executor: renew interval is: 30
23:53:02.578 [main] INFO  c.n.d.InstanceInfoReplicator - [<init>,60] - InstanceInfoReplicator onDemand update allowed rate per min is 4
23:53:02.579 [main] INFO  c.n.d.DiscoveryClient - [<init>,492] - Discovery Client initialized at timestamp 1748533982579 with initial instances count: 6
23:53:02.580 [main] INFO  c.n.d.DiscoveryClient - [notify,1355] - Saw local status change event StatusChangeEvent [timestamp=1748533982580, current=UP, previous=STARTING]
23:53:02.581 [DiscoveryClient-InstanceInfoReplicator-0] INFO  c.n.d.DiscoveryClient - [register,873] - DiscoveryClient_CONFIG-SERVICE/localhost:config-service:8762: registering service...
23:53:02.581 [main] INFO  o.a.c.h.Http11NioProtocol - [log,173] - Starting ProtocolHandler ["http-nio-8762"]
23:53:02.609 [DiscoveryClient-InstanceInfoReplicator-0] INFO  c.n.d.DiscoveryClient - [register,882] - DiscoveryClient_CONFIG-SERVICE/localhost:config-service:8762 - registration status: 204
23:53:04.158 [main] INFO  o.e.c.ConfigServerApplication - [logStarted,61] - Started ConfigServerApplication in 10.472 seconds (JVM running for 11.336)
23:53:04.159 [DiscoveryClient-InstanceInfoReplicator-0] INFO  c.n.d.DiscoveryClient - [register,873] - DiscoveryClient_CONFIG-SERVICE/localhost:config-service:8762: registering service...
23:53:04.165 [main] INFO  o.e.c.ConfigServerApplication - [main,18] - (♥◠‿◠)ﾉﾞ  配置中心服务启动成功：时间2025-05-29 23:53:04   ლ(´ڡ`ლ)ﾞ  

23:53:04.167 [DiscoveryClient-InstanceInfoReplicator-0] INFO  c.n.d.DiscoveryClient - [register,882] - DiscoveryClient_CONFIG-SERVICE/localhost:config-service:8762 - registration status: 204
23:53:04.697 [SpringContextShutdownHook] INFO  c.n.d.DiscoveryClient - [shutdown,935] - Shutting down DiscoveryClient ...
23:53:07.710 [SpringContextShutdownHook] INFO  c.n.d.DiscoveryClient - [unregister,971] - Unregistering ...
23:53:11.835 [SpringContextShutdownHook] INFO  c.n.d.s.t.d.RedirectingEurekaHttpClient - [execute,93] - Request execution error. endpoint=DefaultEndpoint{ serviceUrl='http://localhost:8761/eureka/} exception=java.net.ConnectException: Connection refused: connect stacktrace=com.sun.jersey.api.client.ClientHandlerException: java.net.ConnectException: Connection refused: connect
	at com.sun.jersey.client.apache4.ApacheHttpClient4Handler.handle(ApacheHttpClient4Handler.java:187)
	at com.sun.jersey.api.client.filter.GZIPContentEncodingFilter.handle(GZIPContentEncodingFilter.java:123)
	at com.netflix.discovery.EurekaIdentityHeaderFilter.handle(EurekaIdentityHeaderFilter.java:27)
	at com.sun.jersey.api.client.Client.handle(Client.java:652)
	at com.sun.jersey.api.client.WebResource.handle(WebResource.java:682)
	at com.sun.jersey.api.client.WebResource.access$200(WebResource.java:74)
	at com.sun.jersey.api.client.WebResource$Builder.delete(WebResource.java:591)
	at com.netflix.discovery.shared.transport.jersey.AbstractJerseyEurekaHttpClient.cancel(AbstractJerseyEurekaHttpClient.java:77)
	at com.netflix.discovery.shared.transport.decorator.EurekaHttpClientDecorator$2.execute(EurekaHttpClientDecorator.java:74)
	at com.netflix.discovery.shared.transport.decorator.MetricsCollectingEurekaHttpClient.execute(MetricsCollectingEurekaHttpClient.java:73)
	at com.netflix.discovery.shared.transport.decorator.EurekaHttpClientDecorator.cancel(EurekaHttpClientDecorator.java:71)
	at com.netflix.discovery.shared.transport.decorator.EurekaHttpClientDecorator$2.execute(EurekaHttpClientDecorator.java:74)
	at com.netflix.discovery.shared.transport.decorator.RedirectingEurekaHttpClient.execute(RedirectingEurekaHttpClient.java:91)
	at com.netflix.discovery.shared.transport.decorator.EurekaHttpClientDecorator.cancel(EurekaHttpClientDecorator.java:71)
	at com.netflix.discovery.shared.transport.decorator.EurekaHttpClientDecorator$2.execute(EurekaHttpClientDecorator.java:74)
	at com.netflix.discovery.shared.transport.decorator.RetryableEurekaHttpClient.execute(RetryableEurekaHttpClient.java:120)
	at com.netflix.discovery.shared.transport.decorator.EurekaHttpClientDecorator.cancel(EurekaHttpClientDecorator.java:71)
	at com.netflix.discovery.shared.transport.decorator.EurekaHttpClientDecorator$2.execute(EurekaHttpClientDecorator.java:74)
	at com.netflix.discovery.shared.transport.decorator.SessionedEurekaHttpClient.execute(SessionedEurekaHttpClient.java:77)
	at com.netflix.discovery.shared.transport.decorator.EurekaHttpClientDecorator.cancel(EurekaHttpClientDecorator.java:71)
	at com.netflix.discovery.DiscoveryClient.unregister(DiscoveryClient.java:972)
	at com.netflix.discovery.DiscoveryClient.shutdown(DiscoveryClient.java:948)
	at sun.reflect.NativeMethodAccessorImpl.invoke0(Native Method)
	at sun.reflect.NativeMethodAccessorImpl.invoke(NativeMethodAccessorImpl.java:62)
	at sun.reflect.DelegatingMethodAccessorImpl.invoke(DelegatingMethodAccessorImpl.java:43)
	at java.lang.reflect.Method.invoke(Method.java:498)
	at org.springframework.beans.factory.annotation.InitDestroyAnnotationBeanPostProcessor$LifecycleElement.invoke(InitDestroyAnnotationBeanPostProcessor.java:389)
	at org.springframework.beans.factory.annotation.InitDestroyAnnotationBeanPostProcessor$LifecycleMetadata.invokeDestroyMethods(InitDestroyAnnotationBeanPostProcessor.java:347)
	at org.springframework.beans.factory.annotation.InitDestroyAnnotationBeanPostProcessor.postProcessBeforeDestruction(InitDestroyAnnotationBeanPostProcessor.java:177)
	at org.springframework.beans.factory.support.DisposableBeanAdapter.destroy(DisposableBeanAdapter.java:183)
	at org.springframework.beans.factory.support.DisposableBeanAdapter.run(DisposableBeanAdapter.java:176)
	at org.springframework.cloud.context.scope.GenericScope$BeanLifecycleWrapper.destroy(GenericScope.java:403)
	at org.springframework.cloud.context.scope.GenericScope.destroy(GenericScope.java:142)
	at org.springframework.beans.factory.support.DisposableBeanAdapter.destroy(DisposableBeanAdapter.java:199)
	at org.springframework.beans.factory.support.DefaultSingletonBeanRegistry.destroyBean(DefaultSingletonBeanRegistry.java:587)
	at org.springframework.beans.factory.support.DefaultSingletonBeanRegistry.destroySingleton(DefaultSingletonBeanRegistry.java:559)
	at org.springframework.beans.factory.support.DefaultListableBeanFactory.destroySingleton(DefaultListableBeanFactory.java:1092)
	at org.springframework.beans.factory.support.DefaultSingletonBeanRegistry.destroySingletons(DefaultSingletonBeanRegistry.java:520)
	at org.springframework.beans.factory.support.DefaultListableBeanFactory.destroySingletons(DefaultListableBeanFactory.java:1085)
	at org.springframework.context.support.AbstractApplicationContext.destroyBeans(AbstractApplicationContext.java:1061)
	at org.springframework.context.support.AbstractApplicationContext.doClose(AbstractApplicationContext.java:1030)
	at org.springframework.boot.web.servlet.context.ServletWebServerApplicationContext.doClose(ServletWebServerApplicationContext.java:170)
	at org.springframework.context.support.AbstractApplicationContext$1.run(AbstractApplicationContext.java:949)
Caused by: java.net.ConnectException: Connection refused: connect
	at java.net.DualStackPlainSocketImpl.waitForConnect(Native Method)
	at java.net.DualStackPlainSocketImpl.socketConnect(DualStackPlainSocketImpl.java:81)
	at java.net.AbstractPlainSocketImpl.doConnect(AbstractPlainSocketImpl.java:476)
	at java.net.AbstractPlainSocketImpl.connectToAddress(AbstractPlainSocketImpl.java:218)
	at java.net.AbstractPlainSocketImpl.connect(AbstractPlainSocketImpl.java:200)
	at java.net.PlainSocketImpl.connect(PlainSocketImpl.java:162)
	at java.net.SocksSocketImpl.connect(SocksSocketImpl.java:394)
	at java.net.Socket.connect(Socket.java:606)
	at org.apache.http.conn.scheme.PlainSocketFactory.connectSocket(PlainSocketFactory.java:121)
	at org.apache.http.impl.conn.DefaultClientConnectionOperator.openConnection(DefaultClientConnectionOperator.java:180)
	at org.apache.http.impl.conn.AbstractPoolEntry.open(AbstractPoolEntry.java:144)
	at org.apache.http.impl.conn.AbstractPooledConnAdapter.open(AbstractPooledConnAdapter.java:134)
	at org.apache.http.impl.client.DefaultRequestDirector.tryConnect(DefaultRequestDirector.java:605)
	at org.apache.http.impl.client.DefaultRequestDirector.execute(DefaultRequestDirector.java:440)
	at org.apache.http.impl.client.AbstractHttpClient.doExecute(AbstractHttpClient.java:835)
	at org.apache.http.impl.client.CloseableHttpClient.execute(CloseableHttpClient.java:118)
	at org.apache.http.impl.client.CloseableHttpClient.execute(CloseableHttpClient.java:56)
	at com.sun.jersey.client.apache4.ApacheHttpClient4Handler.handle(ApacheHttpClient4Handler.java:173)
	... 42 more

23:53:15.977 [SpringContextShutdownHook] INFO  c.n.d.s.t.d.RedirectingEurekaHttpClient - [execute,84] - Request execution error. endpoint=DefaultEndpoint{ serviceUrl='http://localhost:8761/eureka/}, exception=java.net.ConnectException: Connection refused: connect stacktrace=com.sun.jersey.api.client.ClientHandlerException: java.net.ConnectException: Connection refused: connect
	at com.sun.jersey.client.apache4.ApacheHttpClient4Handler.handle(ApacheHttpClient4Handler.java:187)
	at com.sun.jersey.api.client.filter.GZIPContentEncodingFilter.handle(GZIPContentEncodingFilter.java:123)
	at com.netflix.discovery.EurekaIdentityHeaderFilter.handle(EurekaIdentityHeaderFilter.java:27)
	at com.sun.jersey.api.client.Client.handle(Client.java:652)
	at com.sun.jersey.api.client.WebResource.handle(WebResource.java:682)
	at com.sun.jersey.api.client.WebResource.access$200(WebResource.java:74)
	at com.sun.jersey.api.client.WebResource$Builder.delete(WebResource.java:591)
	at com.netflix.discovery.shared.transport.jersey.AbstractJerseyEurekaHttpClient.cancel(AbstractJerseyEurekaHttpClient.java:77)
	at com.netflix.discovery.shared.transport.decorator.EurekaHttpClientDecorator$2.execute(EurekaHttpClientDecorator.java:74)
	at com.netflix.discovery.shared.transport.decorator.MetricsCollectingEurekaHttpClient.execute(MetricsCollectingEurekaHttpClient.java:73)
	at com.netflix.discovery.shared.transport.decorator.EurekaHttpClientDecorator.cancel(EurekaHttpClientDecorator.java:71)
	at com.netflix.discovery.shared.transport.decorator.EurekaHttpClientDecorator$2.execute(EurekaHttpClientDecorator.java:74)
	at com.netflix.discovery.shared.transport.decorator.RedirectingEurekaHttpClient.executeOnNewServer(RedirectingEurekaHttpClient.java:121)
	at com.netflix.discovery.shared.transport.decorator.RedirectingEurekaHttpClient.execute(RedirectingEurekaHttpClient.java:80)
	at com.netflix.discovery.shared.transport.decorator.EurekaHttpClientDecorator.cancel(EurekaHttpClientDecorator.java:71)
	at com.netflix.discovery.shared.transport.decorator.EurekaHttpClientDecorator$2.execute(EurekaHttpClientDecorator.java:74)
	at com.netflix.discovery.shared.transport.decorator.RetryableEurekaHttpClient.execute(RetryableEurekaHttpClient.java:120)
	at com.netflix.discovery.shared.transport.decorator.EurekaHttpClientDecorator.cancel(EurekaHttpClientDecorator.java:71)
	at com.netflix.discovery.shared.transport.decorator.EurekaHttpClientDecorator$2.execute(EurekaHttpClientDecorator.java:74)
	at com.netflix.discovery.shared.transport.decorator.SessionedEurekaHttpClient.execute(SessionedEurekaHttpClient.java:77)
	at com.netflix.discovery.shared.transport.decorator.EurekaHttpClientDecorator.cancel(EurekaHttpClientDecorator.java:71)
	at com.netflix.discovery.DiscoveryClient.unregister(DiscoveryClient.java:972)
	at com.netflix.discovery.DiscoveryClient.shutdown(DiscoveryClient.java:948)
	at sun.reflect.NativeMethodAccessorImpl.invoke0(Native Method)
	at sun.reflect.NativeMethodAccessorImpl.invoke(NativeMethodAccessorImpl.java:62)
	at sun.reflect.DelegatingMethodAccessorImpl.invoke(DelegatingMethodAccessorImpl.java:43)
	at java.lang.reflect.Method.invoke(Method.java:498)
	at org.springframework.beans.factory.annotation.InitDestroyAnnotationBeanPostProcessor$LifecycleElement.invoke(InitDestroyAnnotationBeanPostProcessor.java:389)
	at org.springframework.beans.factory.annotation.InitDestroyAnnotationBeanPostProcessor$LifecycleMetadata.invokeDestroyMethods(InitDestroyAnnotationBeanPostProcessor.java:347)
	at org.springframework.beans.factory.annotation.InitDestroyAnnotationBeanPostProcessor.postProcessBeforeDestruction(InitDestroyAnnotationBeanPostProcessor.java:177)
	at org.springframework.beans.factory.support.DisposableBeanAdapter.destroy(DisposableBeanAdapter.java:183)
	at org.springframework.beans.factory.support.DisposableBeanAdapter.run(DisposableBeanAdapter.java:176)
	at org.springframework.cloud.context.scope.GenericScope$BeanLifecycleWrapper.destroy(GenericScope.java:403)
	at org.springframework.cloud.context.scope.GenericScope.destroy(GenericScope.java:142)
	at org.springframework.beans.factory.support.DisposableBeanAdapter.destroy(DisposableBeanAdapter.java:199)
	at org.springframework.beans.factory.support.DefaultSingletonBeanRegistry.destroyBean(DefaultSingletonBeanRegistry.java:587)
	at org.springframework.beans.factory.support.DefaultSingletonBeanRegistry.destroySingleton(DefaultSingletonBeanRegistry.java:559)
	at org.springframework.beans.factory.support.DefaultListableBeanFactory.destroySingleton(DefaultListableBeanFactory.java:1092)
	at org.springframework.beans.factory.support.DefaultSingletonBeanRegistry.destroySingletons(DefaultSingletonBeanRegistry.java:520)
	at org.springframework.beans.factory.support.DefaultListableBeanFactory.destroySingletons(DefaultListableBeanFactory.java:1085)
	at org.springframework.context.support.AbstractApplicationContext.destroyBeans(AbstractApplicationContext.java:1061)
	at org.springframework.context.support.AbstractApplicationContext.doClose(AbstractApplicationContext.java:1030)
	at org.springframework.boot.web.servlet.context.ServletWebServerApplicationContext.doClose(ServletWebServerApplicationContext.java:170)
	at org.springframework.context.support.AbstractApplicationContext$1.run(AbstractApplicationContext.java:949)
Caused by: java.net.ConnectException: Connection refused: connect
	at java.net.DualStackPlainSocketImpl.waitForConnect(Native Method)
	at java.net.DualStackPlainSocketImpl.socketConnect(DualStackPlainSocketImpl.java:81)
	at java.net.AbstractPlainSocketImpl.doConnect(AbstractPlainSocketImpl.java:476)
	at java.net.AbstractPlainSocketImpl.connectToAddress(AbstractPlainSocketImpl.java:218)
	at java.net.AbstractPlainSocketImpl.connect(AbstractPlainSocketImpl.java:200)
	at java.net.PlainSocketImpl.connect(PlainSocketImpl.java:162)
	at java.net.SocksSocketImpl.connect(SocksSocketImpl.java:394)
	at java.net.Socket.connect(Socket.java:606)
	at org.apache.http.conn.scheme.PlainSocketFactory.connectSocket(PlainSocketFactory.java:121)
	at org.apache.http.impl.conn.DefaultClientConnectionOperator.openConnection(DefaultClientConnectionOperator.java:180)
	at org.apache.http.impl.conn.AbstractPoolEntry.open(AbstractPoolEntry.java:144)
	at org.apache.http.impl.conn.AbstractPooledConnAdapter.open(AbstractPooledConnAdapter.java:134)
	at org.apache.http.impl.client.DefaultRequestDirector.tryConnect(DefaultRequestDirector.java:605)
	at org.apache.http.impl.client.DefaultRequestDirector.execute(DefaultRequestDirector.java:440)
	at org.apache.http.impl.client.AbstractHttpClient.doExecute(AbstractHttpClient.java:835)
	at org.apache.http.impl.client.CloseableHttpClient.execute(CloseableHttpClient.java:118)
	at org.apache.http.impl.client.CloseableHttpClient.execute(CloseableHttpClient.java:56)
	at com.sun.jersey.client.apache4.ApacheHttpClient4Handler.handle(ApacheHttpClient4Handler.java:173)
	... 43 more

23:53:15.991 [SpringContextShutdownHook] INFO  c.n.d.DiscoveryClient - [shutdown,960] - Completed shut down of DiscoveryClient
23:53:41.840 [background-preinit] INFO  o.h.v.i.util.Version - [<clinit>,21] - HV000001: Hibernate Validator 6.1.7.Final
23:53:43.504 [main] INFO  o.e.c.ConfigServerApplication - [logStartupProfileInfo,655] - The following profiles are active: native
23:53:44.062 [main] INFO  o.a.c.h.Http11NioProtocol - [log,173] - Initializing ProtocolHandler ["http-nio-8762"]
23:53:44.062 [main] INFO  o.a.c.c.StandardService - [log,173] - Starting service [Tomcat]
23:53:44.062 [main] INFO  o.a.c.c.StandardEngine - [log,173] - Starting Servlet engine: [Apache Tomcat/9.0.43]
23:53:44.063 [main] INFO  o.a.c.c.AprLifecycleListener - [log,173] - Loaded Apache Tomcat Native library [1.3.1] using APR version [1.7.4].
23:53:44.063 [main] INFO  o.a.c.c.AprLifecycleListener - [log,173] - APR capabilities: IPv6 [true], sendfile [true], accept filters [false], random [true].
23:53:44.063 [main] INFO  o.a.c.c.AprLifecycleListener - [log,173] - APR/OpenSSL configuration: useAprConnector [false], useOpenSSL [true]
23:53:44.066 [main] INFO  o.a.c.c.AprLifecycleListener - [log,173] - OpenSSL successfully initialized [OpenSSL 3.0.14 4 Jun 2024]
23:53:44.217 [main] INFO  o.a.c.c.C.[.[.[/] - [log,173] - Initializing Spring embedded WebApplicationContext
23:53:44.251 [main] INFO  c.n.c.s.URLConfigurationSource - [<init>,122] - To enable URLs as dynamic configuration sources, define System property archaius.configurationSource.additionalUrls or make config.properties available on classpath.
23:53:44.256 [main] INFO  c.n.c.DynamicPropertyFactory - [getInstance,281] - DynamicPropertyFactory is initialized with configuration sources: com.netflix.config.ConcurrentCompositeConfiguration@62d40e31
23:53:44.302 [main] INFO  c.n.c.s.URLConfigurationSource - [<init>,122] - To enable URLs as dynamic configuration sources, define System property archaius.configurationSource.additionalUrls or make config.properties available on classpath.
23:53:47.651 [main] INFO  c.n.d.DiscoveryClient - [<init>,372] - Initializing Eureka in region us-east-1
23:53:48.042 [main] INFO  c.n.d.p.DiscoveryJerseyProvider - [<init>,70] - Using JSON encoding codec LegacyJacksonJson
23:53:48.042 [main] INFO  c.n.d.p.DiscoveryJerseyProvider - [<init>,71] - Using JSON decoding codec LegacyJacksonJson
23:53:48.100 [main] INFO  c.n.d.p.DiscoveryJerseyProvider - [<init>,80] - Using XML encoding codec XStreamXml
23:53:48.101 [main] INFO  c.n.d.p.DiscoveryJerseyProvider - [<init>,81] - Using XML decoding codec XStreamXml
23:53:48.178 [main] INFO  c.n.d.s.r.a.ConfigClusterResolver - [getClusterEndpoints,43] - Resolving eureka endpoints via configuration
23:53:48.514 [main] INFO  c.n.d.DiscoveryClient - [fetchRegistry,1007] - Disable delta property : false
23:53:48.669 [main] INFO  c.n.d.DiscoveryClient - [fetchRegistry,1008] - Single vip registry refresh property : null
23:53:48.670 [main] INFO  c.n.d.DiscoveryClient - [fetchRegistry,1009] - Force full registry fetch : false
23:53:48.670 [main] INFO  c.n.d.DiscoveryClient - [fetchRegistry,1010] - Application is null : false
23:53:48.670 [main] INFO  c.n.d.DiscoveryClient - [fetchRegistry,1011] - Registered Applications size is zero : true
23:53:48.671 [main] INFO  c.n.d.DiscoveryClient - [fetchRegistry,1013] - Application version is -1: true
23:53:48.671 [main] INFO  c.n.d.DiscoveryClient - [getAndStoreFullRegistry,1097] - Getting all instance registry info from the eureka server
23:53:48.784 [main] INFO  c.n.d.DiscoveryClient - [getAndStoreFullRegistry,1106] - The response status is 200
23:53:48.786 [main] INFO  c.n.d.DiscoveryClient - [initScheduledTasks,1321] - Starting heartbeat executor: renew interval is: 30
23:53:48.787 [main] INFO  c.n.d.InstanceInfoReplicator - [<init>,60] - InstanceInfoReplicator onDemand update allowed rate per min is 4
23:53:48.789 [main] INFO  c.n.d.DiscoveryClient - [<init>,492] - Discovery Client initialized at timestamp 1748534028788 with initial instances count: 0
23:53:48.789 [main] INFO  c.n.d.DiscoveryClient - [notify,1355] - Saw local status change event StatusChangeEvent [timestamp=1748534028789, current=UP, previous=STARTING]
23:53:48.791 [main] INFO  o.a.c.h.Http11NioProtocol - [log,173] - Starting ProtocolHandler ["http-nio-8762"]
23:53:48.791 [DiscoveryClient-InstanceInfoReplicator-0] INFO  c.n.d.DiscoveryClient - [register,873] - DiscoveryClient_CONFIG-SERVICE/localhost:config-service:8762: registering service...
23:53:48.837 [DiscoveryClient-InstanceInfoReplicator-0] INFO  c.n.d.DiscoveryClient - [register,882] - DiscoveryClient_CONFIG-SERVICE/localhost:config-service:8762 - registration status: 204
23:53:50.260 [main] INFO  o.e.c.ConfigServerApplication - [logStarted,61] - Started ConfigServerApplication in 10.193 seconds (JVM running for 11.0)
23:53:50.266 [main] INFO  o.e.c.ConfigServerApplication - [main,18] - (♥◠‿◠)ﾉﾞ  配置中心服务启动成功：时间2025-05-29 23:53:50   ლ(´ڡ`ლ)ﾞ  

23:53:50.933 [RMI TCP Connection(3)-192.168.29.1] INFO  o.a.c.c.C.[.[.[/] - [log,173] - Initializing Spring DispatcherServlet 'dispatcherServlet'
23:54:18.789 [DiscoveryClient-CacheRefreshExecutor-0] INFO  c.n.d.DiscoveryClient - [fetchRegistry,1007] - Disable delta property : false
23:54:18.789 [DiscoveryClient-CacheRefreshExecutor-0] INFO  c.n.d.DiscoveryClient - [fetchRegistry,1008] - Single vip registry refresh property : null
23:54:18.790 [DiscoveryClient-CacheRefreshExecutor-0] INFO  c.n.d.DiscoveryClient - [fetchRegistry,1009] - Force full registry fetch : false
23:54:18.790 [DiscoveryClient-CacheRefreshExecutor-0] INFO  c.n.d.DiscoveryClient - [fetchRegistry,1010] - Application is null : false
23:54:18.791 [DiscoveryClient-CacheRefreshExecutor-0] INFO  c.n.d.DiscoveryClient - [fetchRegistry,1011] - Registered Applications size is zero : true
23:54:18.793 [DiscoveryClient-CacheRefreshExecutor-0] INFO  c.n.d.DiscoveryClient - [fetchRegistry,1013] - Application version is -1: false
23:54:18.794 [DiscoveryClient-CacheRefreshExecutor-0] INFO  c.n.d.DiscoveryClient - [getAndStoreFullRegistry,1097] - Getting all instance registry info from the eureka server
23:54:18.872 [DiscoveryClient-CacheRefreshExecutor-0] INFO  c.n.d.DiscoveryClient - [getAndStoreFullRegistry,1106] - The response status is 200
23:58:48.685 [AsyncResolver-bootstrap-executor-0] INFO  c.n.d.s.r.a.ConfigClusterResolver - [getClusterEndpoints,43] - Resolving eureka endpoints via configuration
